{"/home/andres/NC/ANDRESGANC/course-testing/frameworks/vitest/exercises/vitest-vanilla-ts/src/operations/sum.ts": {"path":"/home/andres/NC/ANDRESGANC/course-testing/frameworks/vitest/exercises/vitest-vanilla-ts/src/operations/sum.ts","all":false,"statementMap":{"0":{"start":{"line":1,"column":0},"end":{"line":1,"column":0}},"1":{"start":{"line":2,"column":0},"end":{"line":2,"column":47}},"2":{"start":{"line":3,"column":0},"end":{"line":3,"column":51}},"3":{"start":{"line":4,"column":0},"end":{"line":4,"column":64}},"4":{"start":{"line":5,"column":0},"end":{"line":5,"column":1}},"5":{"start":{"line":6,"column":0},"end":{"line":6,"column":0}},"6":{"start":{"line":7,"column":0},"end":{"line":7,"column":12}}},"s":{"0":1,"1":1,"2":1,"3":4,"4":4,"5":4,"6":1},"branchMap":{"0":{"type":"branch","line":3,"loc":{"start":{"line":3,"column":50},"end":{"line":7,"column":4}},"locations":[{"start":{"line":3,"column":50},"end":{"line":7,"column":4}}]},"1":{"type":"branch","line":4,"loc":{"start":{"line":4,"column":27},"end":{"line":4,"column":61}},"locations":[{"start":{"line":4,"column":27},"end":{"line":4,"column":61}}]}},"b":{"0":[4],"1":[7]},"fnMap":{"0":{"name":"sum","decl":{"start":{"line":3,"column":50},"end":{"line":7,"column":4}},"loc":{"start":{"line":3,"column":50},"end":{"line":7,"column":4}},"line":3}},"f":{"0":4}}
}
